---------------------------------------------------------------
[ 2018-10-07T11:11:18+08:00 ] 0.0.0.0 GET /DataBase/THINKPHP/public/index/search/by_key.html
[ info ] localhost:12345/DataBase/THINKPHP/public/index/search/by_key.html [运行时间：0.086278s][吞吐率：11.59req/s] [内存消耗：2,046.78kb] [文件加载：47]
[ info ] [ LANG ] D:\Apache24\htdocs\DataBase\THINKPHP\thinkphp\lang\zh-cn.php
[ info ] [ ROUTE ] array (
  'type' => 'module',
  'module' => 
  array (
    0 => 'index',
    1 => 'search',
    2 => 'by_key',
  ),
)
[ info ] [ HEADER ] array (
  'host' => 'localhost:12345',
  'connection' => 'keep-alive',
  'upgrade-insecure-requests' => '1',
  'user-agent' => 'Mozilla/5.0 (Windows NT 10.0; WOW64) AppleWebKit/537.36 (KHTML, like Gecko) Chrome/69.0.3497.100 Safari/537.36',
  'accept' => 'text/html,application/xhtml+xml,application/xml;q=0.9,image/webp,image/apng,*/*;q=0.8',
  'referer' => 'http://localhost:12345/DataBase/THINKPHP/public/index/index/index.html',
  'accept-encoding' => 'gzip, deflate, br',
  'accept-language' => 'zh-CN,zh;q=0.9,en;q=0.8',
  'cookie' => 'thinkphp_show_page_trace=0|0; thinkphp_show_page_trace=0|0; Hm_lvt_080836300300be57b7f34f4b3e97d911=1533451670; Hm_lpvt_080836300300be57b7f34f4b3e97d911=1533519552; PHPSESSID=7uuhrvn49u2ea0irn6i9j2o4bq',
)
[ info ] [ PARAM ] array (
)
[ info ] [ RUN ] app\index\controller\Search->by_key[ D:\Apache24\htdocs\DataBase\THINKPHP\application\index\controller\Search.php ]
[ info ] [ VIEW ] D:\Apache24\htdocs\DataBase\THINKPHP\public/../application/index\view\search\by_key.html [ array (
) ]
[ info ] [ LOG ] INIT File
---------------------------------------------------------------
[ 2018-10-07T11:13:39+08:00 ] 0.0.0.0 GET /DataBase/THINKPHP/public/index/index/index.html
[ info ] localhost:12345/DataBase/THINKPHP/public/index/index/index.html [运行时间：0.035166s][吞吐率：28.44req/s] [内存消耗：1,962.63kb] [文件加载：47]
[ info ] [ LANG ] D:\Apache24\htdocs\DataBase\THINKPHP\thinkphp\lang\zh-cn.php
[ info ] [ ROUTE ] array (
  'type' => 'module',
  'module' => 
  array (
    0 => 'index',
    1 => 'index',
    2 => 'index',
  ),
)
[ info ] [ HEADER ] array (
  'host' => 'localhost:12345',
  'connection' => 'keep-alive',
  'upgrade-insecure-requests' => '1',
  'user-agent' => 'Mozilla/5.0 (Windows NT 10.0; WOW64) AppleWebKit/537.36 (KHTML, like Gecko) Chrome/69.0.3497.100 Safari/537.36',
  'accept' => 'text/html,application/xhtml+xml,application/xml;q=0.9,image/webp,image/apng,*/*;q=0.8',
  'referer' => 'http://localhost:12345/DataBase/THINKPHP/public/index/search/by_key.html',
  'accept-encoding' => 'gzip, deflate, br',
  'accept-language' => 'zh-CN,zh;q=0.9,en;q=0.8',
  'cookie' => 'thinkphp_show_page_trace=0|0; thinkphp_show_page_trace=0|0; Hm_lvt_080836300300be57b7f34f4b3e97d911=1533451670; Hm_lpvt_080836300300be57b7f34f4b3e97d911=1533519552; PHPSESSID=7uuhrvn49u2ea0irn6i9j2o4bq',
)
[ info ] [ PARAM ] array (
)
[ info ] [ RUN ] app\index\controller\Index->index[ D:\Apache24\htdocs\DataBase\THINKPHP\application\index\controller\Index.php ]
[ info ] [ VIEW ] D:\Apache24\htdocs\DataBase\THINKPHP\public/../application/index\view\index\index.html [ array (
) ]
[ info ] [ LOG ] INIT File
---------------------------------------------------------------
[ 2018-10-07T11:14:34+08:00 ] 0.0.0.0 GET /DataBase/THINKPHP/public/index/search/by_key.html
[ info ] localhost:12345/DataBase/THINKPHP/public/index/search/by_key.html [运行时间：0.033979s][吞吐率：29.43req/s] [内存消耗：2,046.79kb] [文件加载：47]
[ info ] [ LANG ] D:\Apache24\htdocs\DataBase\THINKPHP\thinkphp\lang\zh-cn.php
[ info ] [ ROUTE ] array (
  'type' => 'module',
  'module' => 
  array (
    0 => 'index',
    1 => 'search',
    2 => 'by_key',
  ),
)
[ info ] [ HEADER ] array (
  'host' => 'localhost:12345',
  'connection' => 'keep-alive',
  'upgrade-insecure-requests' => '1',
  'user-agent' => 'Mozilla/5.0 (Windows NT 10.0; WOW64) AppleWebKit/537.36 (KHTML, like Gecko) Chrome/69.0.3497.100 Safari/537.36',
  'accept' => 'text/html,application/xhtml+xml,application/xml;q=0.9,image/webp,image/apng,*/*;q=0.8',
  'referer' => 'http://localhost:12345/DataBase/THINKPHP/public/index/index/index.html',
  'accept-encoding' => 'gzip, deflate, br',
  'accept-language' => 'zh-CN,zh;q=0.9,en;q=0.8',
  'cookie' => 'thinkphp_show_page_trace=0|0; thinkphp_show_page_trace=0|0; Hm_lvt_080836300300be57b7f34f4b3e97d911=1533451670; Hm_lpvt_080836300300be57b7f34f4b3e97d911=1533519552; PHPSESSID=7uuhrvn49u2ea0irn6i9j2o4bq',
)
[ info ] [ PARAM ] array (
)
[ info ] [ RUN ] app\index\controller\Search->by_key[ D:\Apache24\htdocs\DataBase\THINKPHP\application\index\controller\Search.php ]
[ info ] [ VIEW ] D:\Apache24\htdocs\DataBase\THINKPHP\public/../application/index\view\search\by_key.html [ array (
) ]
[ info ] [ LOG ] INIT File
---------------------------------------------------------------
[ 2018-10-07T11:15:31+08:00 ] 0.0.0.0 GET /DataBase/THINKPHP/public/index/index/index.html
[ info ] localhost:12345/DataBase/THINKPHP/public/index/index/index.html [运行时间：0.032197s][吞吐率：31.06req/s] [内存消耗：1,962.63kb] [文件加载：47]
[ info ] [ LANG ] D:\Apache24\htdocs\DataBase\THINKPHP\thinkphp\lang\zh-cn.php
[ info ] [ ROUTE ] array (
  'type' => 'module',
  'module' => 
  array (
    0 => 'index',
    1 => 'index',
    2 => 'index',
  ),
)
[ info ] [ HEADER ] array (
  'host' => 'localhost:12345',
  'connection' => 'keep-alive',
  'upgrade-insecure-requests' => '1',
  'user-agent' => 'Mozilla/5.0 (Windows NT 10.0; WOW64) AppleWebKit/537.36 (KHTML, like Gecko) Chrome/69.0.3497.100 Safari/537.36',
  'accept' => 'text/html,application/xhtml+xml,application/xml;q=0.9,image/webp,image/apng,*/*;q=0.8',
  'referer' => 'http://localhost:12345/DataBase/THINKPHP/public/index/search/by_key.html',
  'accept-encoding' => 'gzip, deflate, br',
  'accept-language' => 'zh-CN,zh;q=0.9,en;q=0.8',
  'cookie' => 'thinkphp_show_page_trace=0|0; thinkphp_show_page_trace=0|0; Hm_lvt_080836300300be57b7f34f4b3e97d911=1533451670; Hm_lpvt_080836300300be57b7f34f4b3e97d911=1533519552; PHPSESSID=7uuhrvn49u2ea0irn6i9j2o4bq',
)
[ info ] [ PARAM ] array (
)
[ info ] [ RUN ] app\index\controller\Index->index[ D:\Apache24\htdocs\DataBase\THINKPHP\application\index\controller\Index.php ]
[ info ] [ VIEW ] D:\Apache24\htdocs\DataBase\THINKPHP\public/../application/index\view\index\index.html [ array (
) ]
[ info ] [ LOG ] INIT File
---------------------------------------------------------------
[ 2018-10-07T11:17:53+08:00 ] 0.0.0.0 GET /DataBase/THINKPHP/public/index/search/by_key.html
[ info ] localhost:12345/DataBase/THINKPHP/public/index/search/by_key.html [运行时间：0.032533s][吞吐率：30.74req/s] [内存消耗：2,046.79kb] [文件加载：47]
[ info ] [ LANG ] D:\Apache24\htdocs\DataBase\THINKPHP\thinkphp\lang\zh-cn.php
[ info ] [ ROUTE ] array (
  'type' => 'module',
  'module' => 
  array (
    0 => 'index',
    1 => 'search',
    2 => 'by_key',
  ),
)
[ info ] [ HEADER ] array (
  'host' => 'localhost:12345',
  'connection' => 'keep-alive',
  'upgrade-insecure-requests' => '1',
  'user-agent' => 'Mozilla/5.0 (Windows NT 10.0; WOW64) AppleWebKit/537.36 (KHTML, like Gecko) Chrome/69.0.3497.100 Safari/537.36',
  'accept' => 'text/html,application/xhtml+xml,application/xml;q=0.9,image/webp,image/apng,*/*;q=0.8',
  'referer' => 'http://localhost:12345/DataBase/THINKPHP/public/index/index/index.html',
  'accept-encoding' => 'gzip, deflate, br',
  'accept-language' => 'zh-CN,zh;q=0.9,en;q=0.8',
  'cookie' => 'thinkphp_show_page_trace=0|0; thinkphp_show_page_trace=0|0; Hm_lvt_080836300300be57b7f34f4b3e97d911=1533451670; Hm_lpvt_080836300300be57b7f34f4b3e97d911=1533519552; PHPSESSID=7uuhrvn49u2ea0irn6i9j2o4bq',
)
[ info ] [ PARAM ] array (
)
[ info ] [ RUN ] app\index\controller\Search->by_key[ D:\Apache24\htdocs\DataBase\THINKPHP\application\index\controller\Search.php ]
[ info ] [ VIEW ] D:\Apache24\htdocs\DataBase\THINKPHP\public/../application/index\view\search\by_key.html [ array (
) ]
[ info ] [ LOG ] INIT File
---------------------------------------------------------------
[ 2018-10-07T11:21:48+08:00 ] 0.0.0.0 GET /DataBase/THINKPHP/public/index/search/by_key.html
[ info ] localhost:12345/DataBase/THINKPHP/public/index/search/by_key.html [运行时间：0.032871s][吞吐率：30.42req/s] [内存消耗：2,047.04kb] [文件加载：47]
[ info ] [ LANG ] D:\Apache24\htdocs\DataBase\THINKPHP\thinkphp\lang\zh-cn.php
[ info ] [ ROUTE ] array (
  'type' => 'module',
  'module' => 
  array (
    0 => 'index',
    1 => 'search',
    2 => 'by_key',
  ),
)
[ info ] [ HEADER ] array (
  'host' => 'localhost:12345',
  'connection' => 'keep-alive',
  'cache-control' => 'max-age=0',
  'upgrade-insecure-requests' => '1',
  'user-agent' => 'Mozilla/5.0 (Windows NT 10.0; WOW64) AppleWebKit/537.36 (KHTML, like Gecko) Chrome/69.0.3497.100 Safari/537.36',
  'accept' => 'text/html,application/xhtml+xml,application/xml;q=0.9,image/webp,image/apng,*/*;q=0.8',
  'referer' => 'http://localhost:12345/DataBase/THINKPHP/public/index/index/index.html',
  'accept-encoding' => 'gzip, deflate, br',
  'accept-language' => 'zh-CN,zh;q=0.9,en;q=0.8',
  'cookie' => 'thinkphp_show_page_trace=0|0; thinkphp_show_page_trace=0|0; Hm_lvt_080836300300be57b7f34f4b3e97d911=1533451670; Hm_lpvt_080836300300be57b7f34f4b3e97d911=1533519552; PHPSESSID=7uuhrvn49u2ea0irn6i9j2o4bq',
)
[ info ] [ PARAM ] array (
)
[ info ] [ RUN ] app\index\controller\Search->by_key[ D:\Apache24\htdocs\DataBase\THINKPHP\application\index\controller\Search.php ]
[ info ] [ VIEW ] D:\Apache24\htdocs\DataBase\THINKPHP\public/../application/index\view\search\by_key.html [ array (
) ]
[ info ] [ LOG ] INIT File
---------------------------------------------------------------
[ 2018-10-07T11:21:54+08:00 ] 0.0.0.0 GET /DataBase/THINKPHP/public/index/search/by_key.html
[ info ] localhost:12345/DataBase/THINKPHP/public/index/search/by_key.html [运行时间：0.035163s][吞吐率：28.44req/s] [内存消耗：2,047.04kb] [文件加载：47]
[ info ] [ LANG ] D:\Apache24\htdocs\DataBase\THINKPHP\thinkphp\lang\zh-cn.php
[ info ] [ ROUTE ] array (
  'type' => 'module',
  'module' => 
  array (
    0 => 'index',
    1 => 'search',
    2 => 'by_key',
  ),
)
[ info ] [ HEADER ] array (
  'host' => 'localhost:12345',
  'connection' => 'keep-alive',
  'cache-control' => 'max-age=0',
  'upgrade-insecure-requests' => '1',
  'user-agent' => 'Mozilla/5.0 (Windows NT 10.0; WOW64) AppleWebKit/537.36 (KHTML, like Gecko) Chrome/69.0.3497.100 Safari/537.36',
  'accept' => 'text/html,application/xhtml+xml,application/xml;q=0.9,image/webp,image/apng,*/*;q=0.8',
  'referer' => 'http://localhost:12345/DataBase/THINKPHP/public/index/index/index.html',
  'accept-encoding' => 'gzip, deflate, br',
  'accept-language' => 'zh-CN,zh;q=0.9,en;q=0.8',
  'cookie' => 'thinkphp_show_page_trace=0|0; thinkphp_show_page_trace=0|0; Hm_lvt_080836300300be57b7f34f4b3e97d911=1533451670; Hm_lpvt_080836300300be57b7f34f4b3e97d911=1533519552; PHPSESSID=7uuhrvn49u2ea0irn6i9j2o4bq',
)
[ info ] [ PARAM ] array (
)
[ info ] [ RUN ] app\index\controller\Search->by_key[ D:\Apache24\htdocs\DataBase\THINKPHP\application\index\controller\Search.php ]
[ info ] [ VIEW ] D:\Apache24\htdocs\DataBase\THINKPHP\public/../application/index\view\search\by_key.html [ array (
) ]
[ info ] [ LOG ] INIT File
---------------------------------------------------------------
[ 2018-10-07T11:22:06+08:00 ] 0.0.0.0 GET /DataBase/THINKPHP/public/index/search/by_key.html
[ info ] localhost:12345/DataBase/THINKPHP/public/index/search/by_key.html [运行时间：0.044270s][吞吐率：22.59req/s] [内存消耗：2,047.04kb] [文件加载：47]
[ info ] [ LANG ] D:\Apache24\htdocs\DataBase\THINKPHP\thinkphp\lang\zh-cn.php
[ info ] [ ROUTE ] array (
  'type' => 'module',
  'module' => 
  array (
    0 => 'index',
    1 => 'search',
    2 => 'by_key',
  ),
)
[ info ] [ HEADER ] array (
  'host' => 'localhost:12345',
  'connection' => 'keep-alive',
  'cache-control' => 'max-age=0',
  'upgrade-insecure-requests' => '1',
  'user-agent' => 'Mozilla/5.0 (Windows NT 10.0; WOW64) AppleWebKit/537.36 (KHTML, like Gecko) Chrome/69.0.3497.100 Safari/537.36',
  'accept' => 'text/html,application/xhtml+xml,application/xml;q=0.9,image/webp,image/apng,*/*;q=0.8',
  'referer' => 'http://localhost:12345/DataBase/THINKPHP/public/index/index/index.html',
  'accept-encoding' => 'gzip, deflate, br',
  'accept-language' => 'zh-CN,zh;q=0.9,en;q=0.8',
  'cookie' => 'thinkphp_show_page_trace=0|0; thinkphp_show_page_trace=0|0; Hm_lvt_080836300300be57b7f34f4b3e97d911=1533451670; Hm_lpvt_080836300300be57b7f34f4b3e97d911=1533519552; PHPSESSID=7uuhrvn49u2ea0irn6i9j2o4bq',
)
[ info ] [ PARAM ] array (
)
[ info ] [ RUN ] app\index\controller\Search->by_key[ D:\Apache24\htdocs\DataBase\THINKPHP\application\index\controller\Search.php ]
[ info ] [ VIEW ] D:\Apache24\htdocs\DataBase\THINKPHP\public/../application/index\view\search\by_key.html [ array (
) ]
[ info ] [ LOG ] INIT File
---------------------------------------------------------------
[ 2018-10-07T11:22:11+08:00 ] 0.0.0.0 GET /DataBase/THINKPHP/public/index/search/by_key.html
[ info ] localhost:12345/DataBase/THINKPHP/public/index/search/by_key.html [运行时间：0.027068s][吞吐率：36.94req/s] [内存消耗：2,047.04kb] [文件加载：47]
[ info ] [ LANG ] D:\Apache24\htdocs\DataBase\THINKPHP\thinkphp\lang\zh-cn.php
[ info ] [ ROUTE ] array (
  'type' => 'module',
  'module' => 
  array (
    0 => 'index',
    1 => 'search',
    2 => 'by_key',
  ),
)
[ info ] [ HEADER ] array (
  'host' => 'localhost:12345',
  'connection' => 'keep-alive',
  'cache-control' => 'max-age=0',
  'upgrade-insecure-requests' => '1',
  'user-agent' => 'Mozilla/5.0 (Windows NT 10.0; WOW64) AppleWebKit/537.36 (KHTML, like Gecko) Chrome/69.0.3497.100 Safari/537.36',
  'accept' => 'text/html,application/xhtml+xml,application/xml;q=0.9,image/webp,image/apng,*/*;q=0.8',
  'referer' => 'http://localhost:12345/DataBase/THINKPHP/public/index/index/index.html',
  'accept-encoding' => 'gzip, deflate, br',
  'accept-language' => 'zh-CN,zh;q=0.9,en;q=0.8',
  'cookie' => 'thinkphp_show_page_trace=0|0; thinkphp_show_page_trace=0|0; Hm_lvt_080836300300be57b7f34f4b3e97d911=1533451670; Hm_lpvt_080836300300be57b7f34f4b3e97d911=1533519552; PHPSESSID=7uuhrvn49u2ea0irn6i9j2o4bq',
)
[ info ] [ PARAM ] array (
)
[ info ] [ RUN ] app\index\controller\Search->by_key[ D:\Apache24\htdocs\DataBase\THINKPHP\application\index\controller\Search.php ]
[ info ] [ VIEW ] D:\Apache24\htdocs\DataBase\THINKPHP\public/../application/index\view\search\by_key.html [ array (
) ]
[ info ] [ LOG ] INIT File
---------------------------------------------------------------
[ 2018-10-07T11:27:54+08:00 ] 0.0.0.0 GET /DataBase/THINKPHP/public/index/index/index.html
[ info ] localhost:12345/DataBase/THINKPHP/public/index/index/index.html [运行时间：0.048118s][吞吐率：20.78req/s] [内存消耗：1,962.63kb] [文件加载：47]
[ info ] [ LANG ] D:\Apache24\htdocs\DataBase\THINKPHP\thinkphp\lang\zh-cn.php
[ info ] [ ROUTE ] array (
  'type' => 'module',
  'module' => 
  array (
    0 => 'index',
    1 => 'index',
    2 => 'index',
  ),
)
[ info ] [ HEADER ] array (
  'host' => 'localhost:12345',
  'connection' => 'keep-alive',
  'upgrade-insecure-requests' => '1',
  'user-agent' => 'Mozilla/5.0 (Windows NT 10.0; WOW64) AppleWebKit/537.36 (KHTML, like Gecko) Chrome/69.0.3497.100 Safari/537.36',
  'accept' => 'text/html,application/xhtml+xml,application/xml;q=0.9,image/webp,image/apng,*/*;q=0.8',
  'referer' => 'http://localhost:12345/DataBase/THINKPHP/public/index/search/by_key.html',
  'accept-encoding' => 'gzip, deflate, br',
  'accept-language' => 'zh-CN,zh;q=0.9,en;q=0.8',
  'cookie' => 'thinkphp_show_page_trace=0|0; thinkphp_show_page_trace=0|0; Hm_lvt_080836300300be57b7f34f4b3e97d911=1533451670; Hm_lpvt_080836300300be57b7f34f4b3e97d911=1533519552; PHPSESSID=7uuhrvn49u2ea0irn6i9j2o4bq',
)
[ info ] [ PARAM ] array (
)
[ info ] [ RUN ] app\index\controller\Index->index[ D:\Apache24\htdocs\DataBase\THINKPHP\application\index\controller\Index.php ]
[ info ] [ VIEW ] D:\Apache24\htdocs\DataBase\THINKPHP\public/../application/index\view\index\index.html [ array (
) ]
[ info ] [ LOG ] INIT File
---------------------------------------------------------------
[ 2018-10-07T11:28:09+08:00 ] 0.0.0.0 GET /DataBase/THINKPHP/public/index/index/index.html
[ info ] localhost:12345/DataBase/THINKPHP/public/index/index/index.html [运行时间：0.040308s][吞吐率：24.81req/s] [内存消耗：1,962.88kb] [文件加载：47]
[ info ] [ LANG ] D:\Apache24\htdocs\DataBase\THINKPHP\thinkphp\lang\zh-cn.php
[ info ] [ ROUTE ] array (
  'type' => 'module',
  'module' => 
  array (
    0 => 'index',
    1 => 'index',
    2 => 'index',
  ),
)
[ info ] [ HEADER ] array (
  'host' => 'localhost:12345',
  'connection' => 'keep-alive',
  'cache-control' => 'max-age=0',
  'upgrade-insecure-requests' => '1',
  'user-agent' => 'Mozilla/5.0 (Windows NT 10.0; WOW64) AppleWebKit/537.36 (KHTML, like Gecko) Chrome/69.0.3497.100 Safari/537.36',
  'accept' => 'text/html,application/xhtml+xml,application/xml;q=0.9,image/webp,image/apng,*/*;q=0.8',
  'referer' => 'http://localhost:12345/DataBase/THINKPHP/public/index/search/by_key.html',
  'accept-encoding' => 'gzip, deflate, br',
  'accept-language' => 'zh-CN,zh;q=0.9,en;q=0.8',
  'cookie' => 'thinkphp_show_page_trace=0|0; thinkphp_show_page_trace=0|0; Hm_lvt_080836300300be57b7f34f4b3e97d911=1533451670; Hm_lpvt_080836300300be57b7f34f4b3e97d911=1533519552; PHPSESSID=7uuhrvn49u2ea0irn6i9j2o4bq',
)
[ info ] [ PARAM ] array (
)
[ info ] [ RUN ] app\index\controller\Index->index[ D:\Apache24\htdocs\DataBase\THINKPHP\application\index\controller\Index.php ]
[ info ] [ VIEW ] D:\Apache24\htdocs\DataBase\THINKPHP\public/../application/index\view\index\index.html [ array (
) ]
[ info ] [ LOG ] INIT File
---------------------------------------------------------------
[ 2018-10-07T11:30:27+08:00 ] 0.0.0.0 GET /DataBase/THINKPHP/public/index/search/by_key.html
[ info ] localhost:12345/DataBase/THINKPHP/public/index/search/by_key.html [运行时间：0.033068s][吞吐率：30.24req/s] [内存消耗：2,046.79kb] [文件加载：47]
[ info ] [ LANG ] D:\Apache24\htdocs\DataBase\THINKPHP\thinkphp\lang\zh-cn.php
[ info ] [ ROUTE ] array (
  'type' => 'module',
  'module' => 
  array (
    0 => 'index',
    1 => 'search',
    2 => 'by_key',
  ),
)
[ info ] [ HEADER ] array (
  'host' => 'localhost:12345',
  'connection' => 'keep-alive',
  'upgrade-insecure-requests' => '1',
  'user-agent' => 'Mozilla/5.0 (Windows NT 10.0; WOW64) AppleWebKit/537.36 (KHTML, like Gecko) Chrome/69.0.3497.100 Safari/537.36',
  'accept' => 'text/html,application/xhtml+xml,application/xml;q=0.9,image/webp,image/apng,*/*;q=0.8',
  'referer' => 'http://localhost:12345/DataBase/THINKPHP/public/index/index/index.html',
  'accept-encoding' => 'gzip, deflate, br',
  'accept-language' => 'zh-CN,zh;q=0.9,en;q=0.8',
  'cookie' => 'thinkphp_show_page_trace=0|0; thinkphp_show_page_trace=0|0; Hm_lvt_080836300300be57b7f34f4b3e97d911=1533451670; Hm_lpvt_080836300300be57b7f34f4b3e97d911=1533519552; PHPSESSID=7uuhrvn49u2ea0irn6i9j2o4bq',
)
[ info ] [ PARAM ] array (
)
[ info ] [ RUN ] app\index\controller\Search->by_key[ D:\Apache24\htdocs\DataBase\THINKPHP\application\index\controller\Search.php ]
[ info ] [ VIEW ] D:\Apache24\htdocs\DataBase\THINKPHP\public/../application/index\view\search\by_key.html [ array (
) ]
[ info ] [ LOG ] INIT File
---------------------------------------------------------------
[ 2018-10-07T11:30:29+08:00 ] 0.0.0.0 GET /DataBase/THINKPHP/public/index/search/by_key.html
[ info ] localhost:12345/DataBase/THINKPHP/public/index/search/by_key.html [运行时间：0.026373s][吞吐率：37.92req/s] [内存消耗：2,047.04kb] [文件加载：47]
[ info ] [ LANG ] D:\Apache24\htdocs\DataBase\THINKPHP\thinkphp\lang\zh-cn.php
[ info ] [ ROUTE ] array (
  'type' => 'module',
  'module' => 
  array (
    0 => 'index',
    1 => 'search',
    2 => 'by_key',
  ),
)
[ info ] [ HEADER ] array (
  'host' => 'localhost:12345',
  'connection' => 'keep-alive',
  'cache-control' => 'max-age=0',
  'upgrade-insecure-requests' => '1',
  'user-agent' => 'Mozilla/5.0 (Windows NT 10.0; WOW64) AppleWebKit/537.36 (KHTML, like Gecko) Chrome/69.0.3497.100 Safari/537.36',
  'accept' => 'text/html,application/xhtml+xml,application/xml;q=0.9,image/webp,image/apng,*/*;q=0.8',
  'referer' => 'http://localhost:12345/DataBase/THINKPHP/public/index/index/index.html',
  'accept-encoding' => 'gzip, deflate, br',
  'accept-language' => 'zh-CN,zh;q=0.9,en;q=0.8',
  'cookie' => 'thinkphp_show_page_trace=0|0; thinkphp_show_page_trace=0|0; Hm_lvt_080836300300be57b7f34f4b3e97d911=1533451670; Hm_lpvt_080836300300be57b7f34f4b3e97d911=1533519552; PHPSESSID=7uuhrvn49u2ea0irn6i9j2o4bq',
)
[ info ] [ PARAM ] array (
)
[ info ] [ RUN ] app\index\controller\Search->by_key[ D:\Apache24\htdocs\DataBase\THINKPHP\application\index\controller\Search.php ]
[ info ] [ VIEW ] D:\Apache24\htdocs\DataBase\THINKPHP\public/../application/index\view\search\by_key.html [ array (
) ]
[ info ] [ LOG ] INIT File
---------------------------------------------------------------
[ 2018-10-07T11:30:58+08:00 ] 0.0.0.0 GET /DataBase/THINKPHP/public/index/search/by_key.html
[ info ] localhost:12345/DataBase/THINKPHP/public/index/search/by_key.html [运行时间：0.033377s][吞吐率：29.96req/s] [内存消耗：2,047.04kb] [文件加载：47]
[ info ] [ LANG ] D:\Apache24\htdocs\DataBase\THINKPHP\thinkphp\lang\zh-cn.php
[ info ] [ ROUTE ] array (
  'type' => 'module',
  'module' => 
  array (
    0 => 'index',
    1 => 'search',
    2 => 'by_key',
  ),
)
[ info ] [ HEADER ] array (
  'host' => 'localhost:12345',
  'connection' => 'keep-alive',
  'cache-control' => 'max-age=0',
  'upgrade-insecure-requests' => '1',
  'user-agent' => 'Mozilla/5.0 (Windows NT 10.0; WOW64) AppleWebKit/537.36 (KHTML, like Gecko) Chrome/69.0.3497.100 Safari/537.36',
  'accept' => 'text/html,application/xhtml+xml,application/xml;q=0.9,image/webp,image/apng,*/*;q=0.8',
  'referer' => 'http://localhost:12345/DataBase/THINKPHP/public/index/index/index.html',
  'accept-encoding' => 'gzip, deflate, br',
  'accept-language' => 'zh-CN,zh;q=0.9,en;q=0.8',
  'cookie' => 'thinkphp_show_page_trace=0|0; thinkphp_show_page_trace=0|0; Hm_lvt_080836300300be57b7f34f4b3e97d911=1533451670; Hm_lpvt_080836300300be57b7f34f4b3e97d911=1533519552; PHPSESSID=7uuhrvn49u2ea0irn6i9j2o4bq',
)
[ info ] [ PARAM ] array (
)
[ info ] [ RUN ] app\index\controller\Search->by_key[ D:\Apache24\htdocs\DataBase\THINKPHP\application\index\controller\Search.php ]
[ info ] [ VIEW ] D:\Apache24\htdocs\DataBase\THINKPHP\public/../application/index\view\search\by_key.html [ array (
) ]
[ info ] [ LOG ] INIT File
---------------------------------------------------------------
[ 2018-10-07T11:37:50+08:00 ] 0.0.0.0 GET /DataBase/THINKPHP/public/index/search/by_key.html
[ info ] localhost:12345/DataBase/THINKPHP/public/index/search/by_key.html [运行时间：0.030405s][吞吐率：32.89req/s] [内存消耗：2,047.04kb] [文件加载：47]
[ info ] [ LANG ] D:\Apache24\htdocs\DataBase\THINKPHP\thinkphp\lang\zh-cn.php
[ info ] [ ROUTE ] array (
  'type' => 'module',
  'module' => 
  array (
    0 => 'index',
    1 => 'search',
    2 => 'by_key',
  ),
)
[ info ] [ HEADER ] array (
  'host' => 'localhost:12345',
  'connection' => 'keep-alive',
  'cache-control' => 'max-age=0',
  'upgrade-insecure-requests' => '1',
  'user-agent' => 'Mozilla/5.0 (Windows NT 10.0; WOW64) AppleWebKit/537.36 (KHTML, like Gecko) Chrome/69.0.3497.100 Safari/537.36',
  'accept' => 'text/html,application/xhtml+xml,application/xml;q=0.9,image/webp,image/apng,*/*;q=0.8',
  'referer' => 'http://localhost:12345/DataBase/THINKPHP/public/index/index/index.html',
  'accept-encoding' => 'gzip, deflate, br',
  'accept-language' => 'zh-CN,zh;q=0.9,en;q=0.8',
  'cookie' => 'thinkphp_show_page_trace=0|0; thinkphp_show_page_trace=0|0; Hm_lvt_080836300300be57b7f34f4b3e97d911=1533451670; Hm_lpvt_080836300300be57b7f34f4b3e97d911=1533519552; PHPSESSID=7uuhrvn49u2ea0irn6i9j2o4bq',
)
[ info ] [ PARAM ] array (
)
[ info ] [ RUN ] app\index\controller\Search->by_key[ D:\Apache24\htdocs\DataBase\THINKPHP\application\index\controller\Search.php ]
[ info ] [ VIEW ] D:\Apache24\htdocs\DataBase\THINKPHP\public/../application/index\view\search\by_key.html [ array (
) ]
[ info ] [ LOG ] INIT File
---------------------------------------------------------------
[ 2018-10-07T11:39:41+08:00 ] 0.0.0.0 GET /DataBase/THINKPHP/public/index/search/by_key.html
[ info ] localhost:12345/DataBase/THINKPHP/public/index/search/by_key.html [运行时间：0.030200s][吞吐率：33.11req/s] [内存消耗：2,047.04kb] [文件加载：47]
[ info ] [ LANG ] D:\Apache24\htdocs\DataBase\THINKPHP\thinkphp\lang\zh-cn.php
[ info ] [ ROUTE ] array (
  'type' => 'module',
  'module' => 
  array (
    0 => 'index',
    1 => 'search',
    2 => 'by_key',
  ),
)
[ info ] [ HEADER ] array (
  'host' => 'localhost:12345',
  'connection' => 'keep-alive',
  'cache-control' => 'max-age=0',
  'upgrade-insecure-requests' => '1',
  'user-agent' => 'Mozilla/5.0 (Windows NT 10.0; WOW64) AppleWebKit/537.36 (KHTML, like Gecko) Chrome/69.0.3497.100 Safari/537.36',
  'accept' => 'text/html,application/xhtml+xml,application/xml;q=0.9,image/webp,image/apng,*/*;q=0.8',
  'referer' => 'http://localhost:12345/DataBase/THINKPHP/public/index/index/index.html',
  'accept-encoding' => 'gzip, deflate, br',
  'accept-language' => 'zh-CN,zh;q=0.9,en;q=0.8',
  'cookie' => 'thinkphp_show_page_trace=0|0; thinkphp_show_page_trace=0|0; Hm_lvt_080836300300be57b7f34f4b3e97d911=1533451670; Hm_lpvt_080836300300be57b7f34f4b3e97d911=1533519552; PHPSESSID=7uuhrvn49u2ea0irn6i9j2o4bq',
)
[ info ] [ PARAM ] array (
)
[ info ] [ RUN ] app\index\controller\Search->by_key[ D:\Apache24\htdocs\DataBase\THINKPHP\application\index\controller\Search.php ]
[ info ] [ VIEW ] D:\Apache24\htdocs\DataBase\THINKPHP\public/../application/index\view\search\by_key.html [ array (
) ]
[ info ] [ LOG ] INIT File
---------------------------------------------------------------
[ 2018-10-07T11:39:51+08:00 ] 0.0.0.0 GET /DataBase/THINKPHP/public/index/search/by_id
[ info ] localhost:12345/DataBase/THINKPHP/public/index/search/by_id [运行时间：0.161950s][吞吐率：6.17req/s] [内存消耗：2,218.88kb] [文件加载：49]
[ info ] [ LANG ] D:\Apache24\htdocs\DataBase\THINKPHP\thinkphp\lang\zh-cn.php
[ info ] [ ROUTE ] array (
  'type' => 'module',
  'module' => 
  array (
    0 => 'index',
    1 => 'search',
    2 => 'by_id',
  ),
)
[ info ] [ HEADER ] array (
  'host' => 'localhost:12345',
  'connection' => 'keep-alive',
  'upgrade-insecure-requests' => '1',
  'user-agent' => 'Mozilla/5.0 (Windows NT 10.0; WOW64) AppleWebKit/537.36 (KHTML, like Gecko) Chrome/69.0.3497.100 Safari/537.36',
  'accept' => 'text/html,application/xhtml+xml,application/xml;q=0.9,image/webp,image/apng,*/*;q=0.8',
  'referer' => 'http://localhost:12345/DataBase/THINKPHP/public/index/search/by_key.html',
  'accept-encoding' => 'gzip, deflate, br',
  'accept-language' => 'zh-CN,zh;q=0.9,en;q=0.8',
  'cookie' => 'thinkphp_show_page_trace=0|0; thinkphp_show_page_trace=0|0; Hm_lvt_080836300300be57b7f34f4b3e97d911=1533451670; Hm_lpvt_080836300300be57b7f34f4b3e97d911=1533519552; PHPSESSID=7uuhrvn49u2ea0irn6i9j2o4bq',
)
[ info ] [ PARAM ] array (
)
[ info ] [ RUN ] app\index\controller\Search->by_id[ D:\Apache24\htdocs\DataBase\THINKPHP\application\index\controller\Search.php ]
[ info ] [ VIEW ] D:\Apache24\htdocs\DataBase\THINKPHP\public/../application/index\view\search\by_id.html [ array (
) ]
[ info ] [ LOG ] INIT File
---------------------------------------------------------------
[ 2018-10-07T11:40:03+08:00 ] 0.0.0.0 GET /DataBase/THINKPHP/public/index/search/by_key.html
[ info ] localhost:12345/DataBase/THINKPHP/public/index/search/by_key.html [运行时间：0.026414s][吞吐率：37.86req/s] [内存消耗：2,046.79kb] [文件加载：47]
[ info ] [ LANG ] D:\Apache24\htdocs\DataBase\THINKPHP\thinkphp\lang\zh-cn.php
[ info ] [ ROUTE ] array (
  'type' => 'module',
  'module' => 
  array (
    0 => 'index',
    1 => 'search',
    2 => 'by_key',
  ),
)
[ info ] [ HEADER ] array (
  'host' => 'localhost:12345',
  'connection' => 'keep-alive',
  'upgrade-insecure-requests' => '1',
  'user-agent' => 'Mozilla/5.0 (Windows NT 10.0; WOW64) AppleWebKit/537.36 (KHTML, like Gecko) Chrome/69.0.3497.100 Safari/537.36',
  'accept' => 'text/html,application/xhtml+xml,application/xml;q=0.9,image/webp,image/apng,*/*;q=0.8',
  'referer' => 'http://localhost:12345/DataBase/THINKPHP/public/index/search/by_id',
  'accept-encoding' => 'gzip, deflate, br',
  'accept-language' => 'zh-CN,zh;q=0.9,en;q=0.8',
  'cookie' => 'thinkphp_show_page_trace=0|0; thinkphp_show_page_trace=0|0; Hm_lvt_080836300300be57b7f34f4b3e97d911=1533451670; Hm_lpvt_080836300300be57b7f34f4b3e97d911=1533519552; PHPSESSID=7uuhrvn49u2ea0irn6i9j2o4bq',
)
[ info ] [ PARAM ] array (
)
[ info ] [ RUN ] app\index\controller\Search->by_key[ D:\Apache24\htdocs\DataBase\THINKPHP\application\index\controller\Search.php ]
[ info ] [ VIEW ] D:\Apache24\htdocs\DataBase\THINKPHP\public/../application/index\view\search\by_key.html [ array (
) ]
[ info ] [ LOG ] INIT File
---------------------------------------------------------------
[ 2018-10-07T11:40:04+08:00 ] 0.0.0.0 GET /DataBase/THINKPHP/public/index/index/index.html
[ info ] localhost:12345/DataBase/THINKPHP/public/index/index/index.html [运行时间：0.022317s][吞吐率：44.81req/s] [内存消耗：1,962.63kb] [文件加载：47]
[ info ] [ LANG ] D:\Apache24\htdocs\DataBase\THINKPHP\thinkphp\lang\zh-cn.php
[ info ] [ ROUTE ] array (
  'type' => 'module',
  'module' => 
  array (
    0 => 'index',
    1 => 'index',
    2 => 'index',
  ),
)
[ info ] [ HEADER ] array (
  'host' => 'localhost:12345',
  'connection' => 'keep-alive',
  'upgrade-insecure-requests' => '1',
  'user-agent' => 'Mozilla/5.0 (Windows NT 10.0; WOW64) AppleWebKit/537.36 (KHTML, like Gecko) Chrome/69.0.3497.100 Safari/537.36',
  'accept' => 'text/html,application/xhtml+xml,application/xml;q=0.9,image/webp,image/apng,*/*;q=0.8',
  'referer' => 'http://localhost:12345/DataBase/THINKPHP/public/index/search/by_key.html',
  'accept-encoding' => 'gzip, deflate, br',
  'accept-language' => 'zh-CN,zh;q=0.9,en;q=0.8',
  'cookie' => 'thinkphp_show_page_trace=0|0; thinkphp_show_page_trace=0|0; Hm_lvt_080836300300be57b7f34f4b3e97d911=1533451670; Hm_lpvt_080836300300be57b7f34f4b3e97d911=1533519552; PHPSESSID=7uuhrvn49u2ea0irn6i9j2o4bq',
)
[ info ] [ PARAM ] array (
)
[ info ] [ RUN ] app\index\controller\Index->index[ D:\Apache24\htdocs\DataBase\THINKPHP\application\index\controller\Index.php ]
[ info ] [ VIEW ] D:\Apache24\htdocs\DataBase\THINKPHP\public/../application/index\view\index\index.html [ array (
) ]
[ info ] [ LOG ] INIT File
---------------------------------------------------------------
[ 2018-10-07T11:40:06+08:00 ] 0.0.0.0 GET /DataBase/THINKPHP/public/index/search/by_key.html
[ info ] localhost:12345/DataBase/THINKPHP/public/index/search/by_key.html [运行时间：0.024830s][吞吐率：40.27req/s] [内存消耗：2,046.79kb] [文件加载：47]
[ info ] [ LANG ] D:\Apache24\htdocs\DataBase\THINKPHP\thinkphp\lang\zh-cn.php
[ info ] [ ROUTE ] array (
  'type' => 'module',
  'module' => 
  array (
    0 => 'index',
    1 => 'search',
    2 => 'by_key',
  ),
)
[ info ] [ HEADER ] array (
  'host' => 'localhost:12345',
  'connection' => 'keep-alive',
  'upgrade-insecure-requests' => '1',
  'user-agent' => 'Mozilla/5.0 (Windows NT 10.0; WOW64) AppleWebKit/537.36 (KHTML, like Gecko) Chrome/69.0.3497.100 Safari/537.36',
  'accept' => 'text/html,application/xhtml+xml,application/xml;q=0.9,image/webp,image/apng,*/*;q=0.8',
  'referer' => 'http://localhost:12345/DataBase/THINKPHP/public/index/index/index.html',
  'accept-encoding' => 'gzip, deflate, br',
  'accept-language' => 'zh-CN,zh;q=0.9,en;q=0.8',
  'cookie' => 'thinkphp_show_page_trace=0|0; thinkphp_show_page_trace=0|0; Hm_lvt_080836300300be57b7f34f4b3e97d911=1533451670; Hm_lpvt_080836300300be57b7f34f4b3e97d911=1533519552; PHPSESSID=7uuhrvn49u2ea0irn6i9j2o4bq',
)
[ info ] [ PARAM ] array (
)
[ info ] [ RUN ] app\index\controller\Search->by_key[ D:\Apache24\htdocs\DataBase\THINKPHP\application\index\controller\Search.php ]
[ info ] [ VIEW ] D:\Apache24\htdocs\DataBase\THINKPHP\public/../application/index\view\search\by_key.html [ array (
) ]
[ info ] [ LOG ] INIT File
---------------------------------------------------------------
[ 2018-10-07T11:40:07+08:00 ] 0.0.0.0 GET /DataBase/THINKPHP/public/index/search/by_id
[ info ] localhost:12345/DataBase/THINKPHP/public/index/search/by_id [运行时间：0.025070s][吞吐率：39.89req/s] [内存消耗：2,046.67kb] [文件加载：47]
[ info ] [ LANG ] D:\Apache24\htdocs\DataBase\THINKPHP\thinkphp\lang\zh-cn.php
[ info ] [ ROUTE ] array (
  'type' => 'module',
  'module' => 
  array (
    0 => 'index',
    1 => 'search',
    2 => 'by_id',
  ),
)
[ info ] [ HEADER ] array (
  'host' => 'localhost:12345',
  'connection' => 'keep-alive',
  'upgrade-insecure-requests' => '1',
  'user-agent' => 'Mozilla/5.0 (Windows NT 10.0; WOW64) AppleWebKit/537.36 (KHTML, like Gecko) Chrome/69.0.3497.100 Safari/537.36',
  'accept' => 'text/html,application/xhtml+xml,application/xml;q=0.9,image/webp,image/apng,*/*;q=0.8',
  'referer' => 'http://localhost:12345/DataBase/THINKPHP/public/index/search/by_key.html',
  'accept-encoding' => 'gzip, deflate, br',
  'accept-language' => 'zh-CN,zh;q=0.9,en;q=0.8',
  'cookie' => 'thinkphp_show_page_trace=0|0; thinkphp_show_page_trace=0|0; Hm_lvt_080836300300be57b7f34f4b3e97d911=1533451670; Hm_lpvt_080836300300be57b7f34f4b3e97d911=1533519552; PHPSESSID=7uuhrvn49u2ea0irn6i9j2o4bq',
)
[ info ] [ PARAM ] array (
)
[ info ] [ RUN ] app\index\controller\Search->by_id[ D:\Apache24\htdocs\DataBase\THINKPHP\application\index\controller\Search.php ]
[ info ] [ VIEW ] D:\Apache24\htdocs\DataBase\THINKPHP\public/../application/index\view\search\by_id.html [ array (
) ]
[ info ] [ LOG ] INIT File
---------------------------------------------------------------
[ 2018-10-07T11:41:02+08:00 ] 0.0.0.0 GET /DataBase/THINKPHP/public/index/search/by_id
[ info ] localhost:12345/DataBase/THINKPHP/public/index/search/by_id [运行时间：0.026928s][吞吐率：37.14req/s] [内存消耗：2,218.13kb] [文件加载：49]
[ info ] [ LANG ] D:\Apache24\htdocs\DataBase\THINKPHP\thinkphp\lang\zh-cn.php
[ info ] [ ROUTE ] array (
  'type' => 'module',
  'module' => 
  array (
    0 => 'index',
    1 => 'search',
    2 => 'by_id',
  ),
)
[ info ] [ HEADER ] array (
  'host' => 'localhost:12345',
  'connection' => 'keep-alive',
  'cache-control' => 'max-age=0',
  'upgrade-insecure-requests' => '1',
  'user-agent' => 'Mozilla/5.0 (Windows NT 10.0; WOW64) AppleWebKit/537.36 (KHTML, like Gecko) Chrome/69.0.3497.100 Safari/537.36',
  'accept' => 'text/html,application/xhtml+xml,application/xml;q=0.9,image/webp,image/apng,*/*;q=0.8',
  'referer' => 'http://localhost:12345/DataBase/THINKPHP/public/index/search/by_key.html',
  'accept-encoding' => 'gzip, deflate, br',
  'accept-language' => 'zh-CN,zh;q=0.9,en;q=0.8',
  'cookie' => 'thinkphp_show_page_trace=0|0; thinkphp_show_page_trace=0|0; Hm_lvt_080836300300be57b7f34f4b3e97d911=1533451670; Hm_lpvt_080836300300be57b7f34f4b3e97d911=1533519552; PHPSESSID=7uuhrvn49u2ea0irn6i9j2o4bq',
)
[ info ] [ PARAM ] array (
)
[ info ] [ RUN ] app\index\controller\Search->by_id[ D:\Apache24\htdocs\DataBase\THINKPHP\application\index\controller\Search.php ]
[ info ] [ VIEW ] D:\Apache24\htdocs\DataBase\THINKPHP\public/../application/index\view\search\by_id.html [ array (
) ]
[ info ] [ LOG ] INIT File
---------------------------------------------------------------
[ 2018-10-07T15:34:47+08:00 ] 0.0.0.0 GET /DataBase/THINKPHP/public/index/search/by_id
[ info ] localhost:12345/DataBase/THINKPHP/public/index/search/by_id [运行时间：0.083969s][吞吐率：11.91req/s] [内存消耗：2,219.13kb] [文件加载：49]
[ info ] [ LANG ] D:\Apache24\htdocs\DataBase\THINKPHP\thinkphp\lang\zh-cn.php
[ info ] [ ROUTE ] array (
  'type' => 'module',
  'module' => 
  array (
    0 => 'index',
    1 => 'search',
    2 => 'by_id',
  ),
)
[ info ] [ HEADER ] array (
  'host' => 'localhost:12345',
  'connection' => 'keep-alive',
  'cache-control' => 'max-age=0',
  'upgrade-insecure-requests' => '1',
  'user-agent' => 'Mozilla/5.0 (Windows NT 10.0; WOW64) AppleWebKit/537.36 (KHTML, like Gecko) Chrome/69.0.3497.100 Safari/537.36',
  'accept' => 'text/html,application/xhtml+xml,application/xml;q=0.9,image/webp,image/apng,*/*;q=0.8',
  'referer' => 'http://localhost:12345/DataBase/THINKPHP/public/index/search/by_key.html',
  'accept-encoding' => 'gzip, deflate, br',
  'accept-language' => 'zh-CN,zh;q=0.9,en;q=0.8',
  'cookie' => 'thinkphp_show_page_trace=0|0; thinkphp_show_page_trace=0|0; Hm_lvt_080836300300be57b7f34f4b3e97d911=1533451670; Hm_lpvt_080836300300be57b7f34f4b3e97d911=1533519552; PHPSESSID=7uuhrvn49u2ea0irn6i9j2o4bq',
)
[ info ] [ PARAM ] array (
)
[ info ] [ RUN ] app\index\controller\Search->by_id[ D:\Apache24\htdocs\DataBase\THINKPHP\application\index\controller\Search.php ]
[ info ] [ VIEW ] D:\Apache24\htdocs\DataBase\THINKPHP\public/../application/index\view\search\by_id.html [ array (
) ]
[ info ] [ LOG ] INIT File
---------------------------------------------------------------
[ 2018-10-07T15:36:20+08:00 ] 0.0.0.0 GET /DataBase/THINKPHP/public/index/search/by_id
[ info ] localhost:12345/DataBase/THINKPHP/public/index/search/by_id [运行时间：0.051880s][吞吐率：19.28req/s] [内存消耗：2,218.13kb] [文件加载：49]
[ info ] [ LANG ] D:\Apache24\htdocs\DataBase\THINKPHP\thinkphp\lang\zh-cn.php
[ info ] [ ROUTE ] array (
  'type' => 'module',
  'module' => 
  array (
    0 => 'index',
    1 => 'search',
    2 => 'by_id',
  ),
)
[ info ] [ HEADER ] array (
  'host' => 'localhost:12345',
  'connection' => 'keep-alive',
  'cache-control' => 'max-age=0',
  'upgrade-insecure-requests' => '1',
  'user-agent' => 'Mozilla/5.0 (Windows NT 10.0; WOW64) AppleWebKit/537.36 (KHTML, like Gecko) Chrome/69.0.3497.100 Safari/537.36',
  'accept' => 'text/html,application/xhtml+xml,application/xml;q=0.9,image/webp,image/apng,*/*;q=0.8',
  'referer' => 'http://localhost:12345/DataBase/THINKPHP/public/index/search/by_key.html',
  'accept-encoding' => 'gzip, deflate, br',
  'accept-language' => 'zh-CN,zh;q=0.9,en;q=0.8',
  'cookie' => 'thinkphp_show_page_trace=0|0; thinkphp_show_page_trace=0|0; Hm_lvt_080836300300be57b7f34f4b3e97d911=1533451670; Hm_lpvt_080836300300be57b7f34f4b3e97d911=1533519552; PHPSESSID=7uuhrvn49u2ea0irn6i9j2o4bq',
)
[ info ] [ PARAM ] array (
)
[ info ] [ RUN ] app\index\controller\Search->by_id[ D:\Apache24\htdocs\DataBase\THINKPHP\application\index\controller\Search.php ]
[ info ] [ VIEW ] D:\Apache24\htdocs\DataBase\THINKPHP\public/../application/index\view\search\by_id.html [ array (
) ]
[ info ] [ LOG ] INIT File
---------------------------------------------------------------
[ 2018-10-07T15:37:14+08:00 ] 0.0.0.0 GET /DataBase/THINKPHP/public/index/search/by_id
[ info ] localhost:12345/DataBase/THINKPHP/public/index/search/by_id [运行时间：0.050168s][吞吐率：19.93req/s] [内存消耗：2,218.36kb] [文件加载：49]
[ info ] [ LANG ] D:\Apache24\htdocs\DataBase\THINKPHP\thinkphp\lang\zh-cn.php
[ info ] [ ROUTE ] array (
  'type' => 'module',
  'module' => 
  array (
    0 => 'index',
    1 => 'search',
    2 => 'by_id',
  ),
)
[ info ] [ HEADER ] array (
  'host' => 'localhost:12345',
  'connection' => 'keep-alive',
  'pragma' => 'no-cache',
  'cache-control' => 'no-cache',
  'upgrade-insecure-requests' => '1',
  'user-agent' => 'Mozilla/5.0 (Linux; Android 6.0; Nexus 5 Build/MRA58N) AppleWebKit/537.36 (KHTML, like Gecko) Chrome/69.0.3497.100 Mobile Safari/537.36',
  'accept' => 'text/html,application/xhtml+xml,application/xml;q=0.9,image/webp,image/apng,*/*;q=0.8',
  'referer' => 'http://localhost:12345/DataBase/THINKPHP/public/index/search/by_key.html',
  'accept-encoding' => 'gzip, deflate, br',
  'accept-language' => 'zh-CN,zh;q=0.9,en;q=0.8',
  'cookie' => 'thinkphp_show_page_trace=0|0; thinkphp_show_page_trace=0|0; Hm_lvt_080836300300be57b7f34f4b3e97d911=1533451670; Hm_lpvt_080836300300be57b7f34f4b3e97d911=1533519552; PHPSESSID=7uuhrvn49u2ea0irn6i9j2o4bq',
)
[ info ] [ PARAM ] array (
)
[ info ] [ RUN ] app\index\controller\Search->by_id[ D:\Apache24\htdocs\DataBase\THINKPHP\application\index\controller\Search.php ]
[ info ] [ VIEW ] D:\Apache24\htdocs\DataBase\THINKPHP\public/../application/index\view\search\by_id.html [ array (
) ]
[ info ] [ LOG ] INIT File
---------------------------------------------------------------
[ 2018-10-07T15:37:24+08:00 ] 0.0.0.0 GET /DataBase/THINKPHP/public/index/search/by_id
[ info ] localhost:12345/DataBase/THINKPHP/public/index/search/by_id [运行时间：0.088376s][吞吐率：11.32req/s] [内存消耗：2,218.13kb] [文件加载：49]
[ info ] [ LANG ] D:\Apache24\htdocs\DataBase\THINKPHP\thinkphp\lang\zh-cn.php
[ info ] [ ROUTE ] array (
  'type' => 'module',
  'module' => 
  array (
    0 => 'index',
    1 => 'search',
    2 => 'by_id',
  ),
)
[ info ] [ HEADER ] array (
  'host' => 'localhost:12345',
  'connection' => 'keep-alive',
  'cache-control' => 'max-age=0',
  'upgrade-insecure-requests' => '1',
  'user-agent' => 'Mozilla/5.0 (Windows NT 10.0; WOW64) AppleWebKit/537.36 (KHTML, like Gecko) Chrome/69.0.3497.100 Safari/537.36',
  'accept' => 'text/html,application/xhtml+xml,application/xml;q=0.9,image/webp,image/apng,*/*;q=0.8',
  'referer' => 'http://localhost:12345/DataBase/THINKPHP/public/index/search/by_key.html',
  'accept-encoding' => 'gzip, deflate, br',
  'accept-language' => 'zh-CN,zh;q=0.9,en;q=0.8',
  'cookie' => 'thinkphp_show_page_trace=0|0; thinkphp_show_page_trace=0|0; Hm_lvt_080836300300be57b7f34f4b3e97d911=1533451670; Hm_lpvt_080836300300be57b7f34f4b3e97d911=1533519552; PHPSESSID=7uuhrvn49u2ea0irn6i9j2o4bq',
)
[ info ] [ PARAM ] array (
)
[ info ] [ RUN ] app\index\controller\Search->by_id[ D:\Apache24\htdocs\DataBase\THINKPHP\application\index\controller\Search.php ]
[ info ] [ VIEW ] D:\Apache24\htdocs\DataBase\THINKPHP\public/../application/index\view\search\by_id.html [ array (
) ]
[ info ] [ LOG ] INIT File
